  [1m[35m (140.0ms)[0m  [1m[35mCREATE TABLE "schema_migrations" ("version" varchar NOT NULL PRIMARY KEY)[0m
  [1m[35m (80.5ms)[0m  [1m[35mCREATE TABLE "ar_internal_metadata" ("key" varchar NOT NULL PRIMARY KEY, "value" varchar, "created_at" datetime(6) NOT NULL, "updated_at" datetime(6) NOT NULL)[0m
  [1m[36mActiveRecord::SchemaMigration Pluck (0.3ms)[0m  [1m[34mSELECT "schema_migrations"."version" FROM "schema_migrations" ORDER BY "schema_migrations"."version" ASC[0m
Migrating to CreateMovies (20221123101239)
  [1m[36mTRANSACTION (0.1ms)[0m  [1m[36mbegin transaction[0m
  [1m[35m (0.4ms)[0m  [1m[35mCREATE TABLE "movies" ("id" integer PRIMARY KEY AUTOINCREMENT NOT NULL, "title" varchar, "year" integer, "length" integer, "director" varchar, "description" varchar, "poster_url" varchar, "category" varchar, "discount" boolean, "female_director" boolean, "created_at" datetime(6) NOT NULL, "updated_at" datetime(6) NOT NULL)[0m
  [1m[36mActiveRecord::SchemaMigration Create (0.3ms)[0m  [1m[32mINSERT INTO "schema_migrations" ("version") VALUES (?)[0m  [["version", "20221123101239"]]
  [1m[36mTRANSACTION (307.7ms)[0m  [1m[36mcommit transaction[0m
  [1m[36mActiveRecord::InternalMetadata Load (0.6ms)[0m  [1m[34mSELECT "ar_internal_metadata".* FROM "ar_internal_metadata" WHERE "ar_internal_metadata"."key" = ? LIMIT ?[0m  [["key", "environment"], ["LIMIT", 1]]
  [1m[36mTRANSACTION (0.1ms)[0m  [1m[36mbegin transaction[0m
  [1m[36mActiveRecord::InternalMetadata Create (0.4ms)[0m  [1m[32mINSERT INTO "ar_internal_metadata" ("key", "value", "created_at", "updated_at") VALUES (?, ?, ?, ?)[0m  [["key", "environment"], ["value", "development"], ["created_at", "2022-11-23 10:15:38.151160"], ["updated_at", "2022-11-23 10:15:38.151160"]]
  [1m[36mTRANSACTION (127.7ms)[0m  [1m[36mcommit transaction[0m
  [1m[36mActiveRecord::SchemaMigration Pluck (0.3ms)[0m  [1m[34mSELECT "schema_migrations"."version" FROM "schema_migrations" ORDER BY "schema_migrations"."version" ASC[0m
  [1m[36mActiveRecord::SchemaMigration Pluck (0.1ms)[0m  [1m[34mSELECT "schema_migrations"."version" FROM "schema_migrations" ORDER BY "schema_migrations"."version" ASC[0m
  [1m[36mTRANSACTION (0.1ms)[0m  [1m[36mbegin transaction[0m
  [1m[36mMovie Create (0.3ms)[0m  [1m[32mINSERT INTO "movies" ("title", "year", "length", "director", "description", "poster_url", "category", "discount", "female_director", "created_at", "updated_at") VALUES (?, ?, ?, ?, ?, ?, ?, ?, ?, ?, ?)[0m  [["title", "The Color Purple"], ["year", 1985], ["length", 154], ["director", "Steven Spielberg"], ["description", "Whoopi Goldberg brings Alice Walker's Pulitzer Prize-winning feminist novel to life as Celie, a Southern woman who suffered abuse over decades. A project brought to a hesitant Steven Spielberg by producer Quincy Jones, the film marks Spielberg's first female lead."], ["poster_url", "https://pisces.bbystatic.com/image2/BestBuy_US/images/products/3071/3071213_so.jpg"], ["category", "Drama"], ["discount", 0], ["female_director", 0], ["created_at", "2022-11-23 10:15:38.433610"], ["updated_at", "2022-11-23 10:15:38.433610"]]
  [1m[36mTRANSACTION (59.0ms)[0m  [1m[36mcommit transaction[0m
  [1m[36mTRANSACTION (0.1ms)[0m  [1m[36mbegin transaction[0m
  [1m[36mMovie Create (0.3ms)[0m  [1m[32mINSERT INTO "movies" ("title", "year", "length", "director", "description", "poster_url", "category", "discount", "female_director", "created_at", "updated_at") VALUES (?, ?, ?, ?, ?, ?, ?, ?, ?, ?, ?)[0m  [["title", "Frida"], ["year", 2002], ["length", 123], ["director", "Julie Taymor"], ["description", "Her portrait, with that thick unibrow and un-waxed upper lip, has become an iconic symbol of feminism. Julie Taymor's biopic takes us behind the canvas to reveal the artist, the activist, the revolutionary. And knowing what we do now about lead actress Selma Hayek's off-screen experience, this film proves an even greater victory."], ["poster_url", "https://m.media-amazon.com/images/M/MV5BYzUxMTU0ZmEtZWE0Ni00NzJlLThhZTUtNDA1ZDZjZDUxYThiXkEyXkFqcGdeQXVyNjk1Njg5NTA@._V1_.jpg"], ["category", "Drama"], ["discount", 0], ["female_director", 1], ["created_at", "2022-11-23 10:15:38.497876"], ["updated_at", "2022-11-23 10:15:38.497876"]]
  [1m[36mTRANSACTION (62.4ms)[0m  [1m[36mcommit transaction[0m
  [1m[36mTRANSACTION (0.2ms)[0m  [1m[36mbegin transaction[0m
  [1m[36mMovie Create (2.2ms)[0m  [1m[32mINSERT INTO "movies" ("title", "year", "length", "director", "description", "poster_url", "category", "discount", "female_director", "created_at", "updated_at") VALUES (?, ?, ?, ?, ?, ?, ?, ?, ?, ?, ?)[0m  [["title", "Queen of Katwe"], ["year", 2016], ["length", 144], ["director", "Mira Nair"], ["description", "Disney has a way of making us feel like pawns in a game of Let's See How Hard We Can Make Them Cry. But that's not the case with Mira Nair's feel-good drama about a Uganda girl's path to chess champ, adapted from an ESPN sports essay. Moms and dads, you want your daughters to grow up to be chess champions."], ["poster_url", "https://www.gstatic.com/tv/thumb/v22vodart/12806084/p12806084_v_v8_ar.jpg"], ["category", "Drama"], ["discount", 0], ["female_director", 1], ["created_at", "2022-11-23 10:15:38.567938"], ["updated_at", "2022-11-23 10:15:38.567938"]]
  [1m[36mTRANSACTION (67.2ms)[0m  [1m[36mcommit transaction[0m
  [1m[36mTRANSACTION (0.3ms)[0m  [1m[36mbegin transaction[0m
  [1m[36mMovie Create (1.7ms)[0m  [1m[32mINSERT INTO "movies" ("title", "year", "length", "director", "description", "poster_url", "category", "discount", "female_director", "created_at", "updated_at") VALUES (?, ?, ?, ?, ?, ?, ?, ?, ?, ?, ?)[0m  [["title", "Persepolis"], ["year", 2007], ["length", 96], ["director", "Marjane Satrapi"], ["description", "There's a lot at play here: Persepolis is animated like a graphic novel. It's done in black and white. It's about a girl who defies Islamic fundamentalists. It's autobiographical. And it's in French. The result: a brilliant feminist feat from Marjane Satrapi."], ["poster_url", "https://www.gstatic.com/tv/thumb/v22vodart/173490/p173490_v_v8_an.jpg"], ["category", "Animation"], ["discount", 0], ["female_director", 1], ["created_at", "2022-11-23 10:15:38.658419"], ["updated_at", "2022-11-23 10:15:38.658419"]]
  [1m[36mTRANSACTION (76.9ms)[0m  [1m[36mcommit transaction[0m
  [1m[36mTRANSACTION (0.1ms)[0m  [1m[36mbegin transaction[0m
  [1m[36mMovie Create (0.4ms)[0m  [1m[32mINSERT INTO "movies" ("title", "year", "length", "director", "description", "poster_url", "category", "discount", "female_director", "created_at", "updated_at") VALUES (?, ?, ?, ?, ?, ?, ?, ?, ?, ?, ?)[0m  [["title", "Little Women"], ["year", 1994], ["length", 118], ["director", "Gillian Armstrong"], ["description", "Feminism isn't all \"women can do anything men can do\"—it's women can do whatever the hell they want to do. And for the protagonist sisters in Gillian Anderson's adaptation of Louisa May Alcott's novel, that means a writer, a musician, a housewife and a free spirit."], ["poster_url", "https://www.gstatic.com/tv/thumb/v22vodart/16296/p16296_v_v8_aj.jpg"], ["category", "Drama"], ["discount", 1], ["female_director", 1], ["created_at", "2022-11-23 10:15:38.756355"], ["updated_at", "2022-11-23 10:15:38.756355"]]
  [1m[36mTRANSACTION (319.8ms)[0m  [1m[36mcommit transaction[0m
  [1m[36mTRANSACTION (0.4ms)[0m  [1m[36mbegin transaction[0m
  [1m[36mMovie Create (1.2ms)[0m  [1m[32mINSERT INTO "movies" ("title", "year", "length", "director", "description", "poster_url", "category", "discount", "female_director", "created_at", "updated_at") VALUES (?, ?, ?, ?, ?, ?, ?, ?, ?, ?, ?)[0m  [["title", "Thelma and Louise"], ["year", 1991], ["length", 130], ["director", "Ridley Scott"], ["description", "Susan Sarandon and Gena Davis lock arms—and fates—in this buddy road trip drama with a feminist legacy that runs deeper than the Grand Canyon. Sure, it's directed by Ridley Scott, but the screenplay about a pair of outlaws who are anything but passive comes straight from the pen of Callie Khouri."], ["poster_url", "https://images-na.ssl-images-amazon.com/images/I/517NV58X7WL._SY445_.jpg"], ["category", "Mystery"], ["discount", 0], ["female_director", 0], ["created_at", "2022-11-23 10:15:39.087563"], ["updated_at", "2022-11-23 10:15:39.087563"]]
  [1m[36mTRANSACTION (52.1ms)[0m  [1m[36mcommit transaction[0m
  [1m[36mTRANSACTION (0.4ms)[0m  [1m[36mbegin transaction[0m
  [1m[36mMovie Create (1.2ms)[0m  [1m[32mINSERT INTO "movies" ("title", "year", "length", "director", "description", "poster_url", "category", "discount", "female_director", "created_at", "updated_at") VALUES (?, ?, ?, ?, ?, ?, ?, ?, ?, ?, ?)[0m  [["title", "Alien"], ["year", 1979], ["length", 117], ["director", "Ridley Scott"], ["description", "Groundbreaking for 1979 science fiction, Sigourney Weaver's Ellen Ripley is one of the genre's most iconic female characters. She's not a damsel—she's a badass final girl and the only survivor to defeat the monster that mutilated and destroyed every other member of the Nostromo crew."], ["poster_url", "https://images-na.ssl-images-amazon.com/images/I/5119C4MWJ0L.jpg"], ["category", "Fantasy"], ["discount", 1], ["female_director", 0], ["created_at", "2022-11-23 10:15:39.154874"], ["updated_at", "2022-11-23 10:15:39.154874"]]
  [1m[36mTRANSACTION (50.6ms)[0m  [1m[36mcommit transaction[0m
  [1m[36mTRANSACTION (0.2ms)[0m  [1m[36mbegin transaction[0m
  [1m[36mMovie Create (1.2ms)[0m  [1m[32mINSERT INTO "movies" ("title", "year", "length", "director", "description", "poster_url", "category", "discount", "female_director", "created_at", "updated_at") VALUES (?, ?, ?, ?, ?, ?, ?, ?, ?, ?, ?)[0m  [["title", "Little Women"], ["year", 2019], ["length", 135], ["director", "Greta Gerwig"], ["description", "In the years after the Civil War, Jo March lives in New York and makes her living as a writer, while her sister Amy studies painting in Paris. Amy has a chance encounter with Theodore, a childhood crush who proposed to Jo but was ultimately rejected. Their oldest sibling, Meg, is married to a schoolteacher, while shy sister Beth develops a devastating illness that brings the family back together."], ["poster_url", "https://www.gstatic.com/tv/thumb/v22vodart/17008397/p17008397_v_v8_aa.jpg"], ["category", "Drama"], ["discount", 0], ["female_director", 1], ["created_at", "2022-11-23 10:15:39.220787"], ["updated_at", "2022-11-23 10:15:39.220787"]]
  [1m[36mTRANSACTION (51.4ms)[0m  [1m[36mcommit transaction[0m
  [1m[36mTRANSACTION (0.4ms)[0m  [1m[36mbegin transaction[0m
  [1m[36mMovie Create (1.8ms)[0m  [1m[32mINSERT INTO "movies" ("title", "year", "length", "director", "description", "poster_url", "category", "discount", "female_director", "created_at", "updated_at") VALUES (?, ?, ?, ?, ?, ?, ?, ?, ?, ?, ?)[0m  [["title", "Mad Max: Fury Road"], ["year", 2015], ["length", 140], ["director", "George Miller"], ["description", "Unearthing feminism in a scorched, hell-on-wheels action flick from road warrior franchise man George Miller isn't exactly obvious. But though it's titled after a male character, he is muzzled for much of the film, lending the action to a female imperator and her feminist revolt against the horrors of sexism."], ["poster_url", "https://cdn.shopify.com/s/files/1/1416/8662/products/mad_max_fury_road_2015_advance_original_film_artB_69310cd2-a499-45fc-a12d-df89480c4c99_5000x.jpg?v=1573593327"], ["category", "Fantasy"], ["discount", 0], ["female_director", 0], ["created_at", "2022-11-23 10:15:39.287928"], ["updated_at", "2022-11-23 10:15:39.287928"]]
  [1m[36mTRANSACTION (85.3ms)[0m  [1m[36mcommit transaction[0m
  [1m[36mTRANSACTION (0.2ms)[0m  [1m[36mbegin transaction[0m
  [1m[36mMovie Create (1.5ms)[0m  [1m[32mINSERT INTO "movies" ("title", "year", "length", "director", "description", "poster_url", "category", "discount", "female_director", "created_at", "updated_at") VALUES (?, ?, ?, ?, ?, ?, ?, ?, ?, ?, ?)[0m  [["title", "Mustang"], ["year", 2015], ["length", 100], ["director", "Deniz Gamze Ergüven"], ["description", "It's easy to call Deniz Gamze Ergüven's 2015 Oscar nominee a feminist film, since it's about five orphan girls who give oppression and the Turkish patriarchy the middle finger. But it's so much more than that—it's Ergüven's personal comment on what it means to be a woman in Turkey."], ["poster_url", "https://www.gstatic.com/tv/thumb/v22vodart/11893143/p11893143_v_v8_ab.jpg"], ["category", "Drama"], ["discount", 0], ["female_director", 1], ["created_at", "2022-11-23 10:15:39.398955"], ["updated_at", "2022-11-23 10:15:39.398955"]]
  [1m[36mTRANSACTION (67.0ms)[0m  [1m[36mcommit transaction[0m
  [1m[36mTRANSACTION (0.1ms)[0m  [1m[36mbegin transaction[0m
  [1m[36mMovie Create (0.8ms)[0m  [1m[32mINSERT INTO "movies" ("title", "year", "length", "director", "description", "poster_url", "category", "discount", "female_director", "created_at", "updated_at") VALUES (?, ?, ?, ?, ?, ?, ?, ?, ?, ?, ?)[0m  [["title", "Girlhood"], ["year", 2015], ["length", 113], ["director", "Céline Sciamma"], ["description", "Céline Sciamma's Girlhood, a contemporary narrative with a classic plot that isn't too distant from anything in the Jane Austen canon, follows a French teenager's slog through gang life on a quest to self-discovery."], ["poster_url", "https://www.gstatic.com/tv/thumb/v22vodart/11240526/p11240526_v_v8_aa.jpg"], ["category", "Drama"], ["discount", 0], ["female_director", 1], ["created_at", "2022-11-23 10:15:39.484487"], ["updated_at", "2022-11-23 10:15:39.484487"]]
  [1m[36mTRANSACTION (77.6ms)[0m  [1m[36mcommit transaction[0m
  [1m[36mTRANSACTION (0.3ms)[0m  [1m[36mbegin transaction[0m
  [1m[36mMovie Create (2.3ms)[0m  [1m[32mINSERT INTO "movies" ("title", "year", "length", "director", "description", "poster_url", "category", "discount", "female_director", "created_at", "updated_at") VALUES (?, ?, ?, ?, ?, ?, ?, ?, ?, ?, ?)[0m  [["title", "Erin Brockovich"], ["year", 2000], ["length", 113], ["director", "Steven Soderbergh"], ["description", "Some will say Steven Soderbergh's true-life telling of that time a single mother blew the whistle on PG&E; knowingly poisoning local residents objectifies its lead with scanty costumes. We'd say that's precisely why this film makes our list: because women can wear whatever the hell they want and get sh*t done!"], ["poster_url", "https://www.gstatic.com/tv/thumb/v22vodart/24917/p24917_v_v8_aa.jpg"], ["category", "Drama"], ["discount", 1], ["female_director", 0], ["created_at", "2022-11-23 10:15:39.577539"], ["updated_at", "2022-11-23 10:15:39.577539"]]
  [1m[36mTRANSACTION (73.1ms)[0m  [1m[36mcommit transaction[0m
  [1m[36mTRANSACTION (0.5ms)[0m  [1m[36mbegin transaction[0m
  [1m[36mMovie Create (2.0ms)[0m  [1m[32mINSERT INTO "movies" ("title", "year", "length", "director", "description", "poster_url", "category", "discount", "female_director", "created_at", "updated_at") VALUES (?, ?, ?, ?, ?, ?, ?, ?, ?, ?, ?)[0m  [["title", "The Babadook"], ["year", 2014], ["length", 95], ["director", "Jennifer Kent"], ["description", "The portrayal of women in horror films has a ways to go. When it’s not a damsel in a soaked white tank top, it’s a virgin being tortured and exploited. Thankfully, that’s changing. In Jennifer Kent’s dark fairy tale, we have Amelia, a multidimensional character battling monsters and her own inner demons."], ["poster_url", "https://www.gstatic.com/tv/thumb/v22vodart/10644326/p10644326_v_v8_ah.jpg"], ["category", "Horror"], ["discount", 0], ["female_director", 1], ["created_at", "2022-11-23 10:15:39.677919"], ["updated_at", "2022-11-23 10:15:39.677919"]]
  [1m[36mTRANSACTION (84.5ms)[0m  [1m[36mcommit transaction[0m
Started GET "/plants" for ::1 at 2022-11-23 13:19:06 +0300
  [1m[36mActiveRecord::SchemaMigration Pluck (0.2ms)[0m  [1m[34mSELECT "schema_migrations"."version" FROM "schema_migrations" ORDER BY "schema_migrations"."version" ASC[0m
  
ActionController::RoutingError (No route matches [GET] "/plants"):
  
Started GET "/favicon.ico" for ::1 at 2022-11-23 13:19:15 +0300
  
ActionController::RoutingError (No route matches [GET] "/favicon.ico"):
  
Started GET "/movies" for ::1 at 2022-11-23 13:19:21 +0300
Processing by MoviesController#index as HTML
  [1m[36mMovie Load (0.5ms)[0m  [1m[34mSELECT "movies".* FROM "movies"[0m
  ↳ app/controllers/movies_controller.rb:4:in `index'
Completed 200 OK in 188ms (Views: 115.8ms | ActiveRecord: 1.5ms | Allocations: 21737)


